<?xml version="1.0" encoding="UTF-8"?>
<!-- Generated by org.testng.reporters.JUnitReportReporter -->
<testsuite hostname="DESKTOP-SE1E7RF" name="MAVENACADEMY.MAVENSTART.SeleniumTest" tests="2" failures="0" timestamp="23 Jun 2022 10:13:47 GMT" time="0.002" errors="0">
  <testcase name="BrowserAUtomation" time="0.001" classname="MAVENACADEMY.MAVENSTART.SeleniumTest"/>
  <testcase name="elementsUi" time="0.001" classname="MAVENACADEMY.MAVENSTART.SeleniumTest"/>
</testsuite> <!-- MAVENACADEMY.MAVENSTART.SeleniumTest -->
