<?xml version="1.0" encoding="UTF-8"?>
<!-- Generated by org.testng.reporters.JUnitReportReporter -->
<testsuite hostname="DESKTOP-SE1E7RF" name="MAVENACADEMY.MAVENSTART.AppiumTest" tests="2" failures="0" timestamp="23 Jun 2022 10:14:04 GMT" time="0.009" errors="0">
  <testcase name="NativeAPpAndroid" time="0.000" classname="MAVENACADEMY.MAVENSTART.AppiumTest"/>
  <testcase name="IOSApps" time="0.009" classname="MAVENACADEMY.MAVENSTART.AppiumTest"/>
</testsuite> <!-- MAVENACADEMY.MAVENSTART.AppiumTest -->
